TN:
SF:calculadora.js
FN:1,somar
FN:5,subtrair
FN:9,multiplicar
FN:17,dividir
FNF:4
FNH:4
FNDA:1,somar
FNDA:1,subtrair
FNDA:2,multiplicar
FNDA:1,dividir
DA:2,1
DA:6,1
DA:10,2
DA:11,1
DA:12,1
DA:14,2
DA:18,1
DA:21,1
LF:8
LH:8
BRDA:10,0,0,1
BRDA:10,0,1,1
BRF:2
BRH:2
end_of_record
TN:
SF:Praticando testes\combustivel.js
FN:1,gastoCombustivel
FNF:1
FNH:1
FNDA:2,gastoCombustivel
DA:3,2
DA:4,1
DA:5,2
DA:6,1
DA:8,2
DA:11,1
LF:6
LH:6
BRDA:3,0,0,1
BRDA:3,0,1,1
BRDA:5,1,0,1
BRDA:5,1,1,1
BRF:4
BRH:4
end_of_record
